------------------------------------------------------------------------------------------------------------------------

[2025-05-21 00:30:11 #1 store] 
Database 'D:\felipe\workspace\VOIDWEAR\recursos\config\usuarios.odb' has been recovered (tr. 7-7)

[2025-05-21 00:30:11 #2 store] 
Database 'D:\felipe\workspace\VOIDWEAR\recursos\config\usuarios.odb' is opened by 15800@LAPTOP-TJ62EN1I

[2025-05-21 00:30:11 #3 store] 
Configuration path: ?

[2025-05-21 00:30:11 #4 type] 
Type modelo.Usuario is not enhanced.

------------------------------------------------------------------------------------------------------------------------

[2025-05-21 00:31:53 #1 store] 
Database 'D:\felipe\workspace\VOIDWEAR\recursos\config\usuarios.odb' is opened by 18176@LAPTOP-TJ62EN1I

[2025-05-21 00:31:53 #2 store] 
Configuration path: ?

[2025-05-21 00:31:53 #3 type] 
Type modelo.Usuario is not enhanced.

------------------------------------------------------------------------------------------------------------------------

[2025-05-21 00:32:28 #1 store] 
Database 'D:\felipe\workspace\VOIDWEAR\recursos\config\usuarios.odb' is opened by 5764@LAPTOP-TJ62EN1I

[2025-05-21 00:32:28 #2 store] 
Configuration path: ?

[2025-05-21 00:32:28 #3 type] 
Type modelo.Usuario is not enhanced.

------------------------------------------------------------------------------------------------------------------------

[2025-05-21 00:34:27 #1 store] 
Database 'D:\felipe\workspace\VOIDWEAR\recursos\config\usuarios.odb' is opened by 11512@LAPTOP-TJ62EN1I

[2025-05-21 00:34:27 #2 store] 
Configuration path: ?

[2025-05-21 00:34:27 #3 type] 
Type modelo.Usuario is not enhanced.

------------------------------------------------------------------------------------------------------------------------

[2025-05-21 00:38:54 #1 store] 
Database 'D:\felipe\workspace\VOIDWEAR\recursos\config\usuarios.odb' is opened by 10232@LAPTOP-TJ62EN1I

[2025-05-21 00:38:54 #2 store] 
Configuration path: ?

[2025-05-21 00:38:54 #3 type] 
Type modelo.Usuario is not enhanced.

------------------------------------------------------------------------------------------------------------------------

[2025-05-21 00:43:58 #1 store] 
Database 'D:\felipe\workspace\VOIDWEAR\recursos\config\usuarios.odb' is opened by 3172@LAPTOP-TJ62EN1I

[2025-05-21 00:43:58 #2 store] 
Configuration path: ?

[2025-05-21 00:43:58 #3 type] 
Type modelo.Usuario is not enhanced.

------------------------------------------------------------------------------------------------------------------------

[2025-05-21 00:44:16 #1 store] 
Database 'D:\felipe\workspace\VOIDWEAR\recursos\config\usuarios.odb' is opened by 14868@LAPTOP-TJ62EN1I

[2025-05-21 00:44:16 #2 store] 
Configuration path: ?

[2025-05-21 00:44:16 #3 type] 
Type modelo.Usuario is not enhanced.

------------------------------------------------------------------------------------------------------------------------

[2025-05-21 00:49:26 #1 store] 
Database 'D:\felipe\workspace\VOIDWEAR\recursos\config\usuarios.odb' is opened by 9252@LAPTOP-TJ62EN1I

[2025-05-21 00:49:26 #2 store] 
Configuration path: ?

[2025-05-21 00:49:26 #3 type] 
Type modelo.Usuario is not enhanced.

------------------------------------------------------------------------------------------------------------------------

[2025-05-21 00:57:34 #1 store] 
Database 'D:\felipe\workspace\VOIDWEAR\recursos\config\usuarios.odb' is opened by 14900@LAPTOP-TJ62EN1I

[2025-05-21 00:57:34 #2 store] 
Configuration path: ?

[2025-05-21 00:57:34 #3 type] 
Type modelo.Usuario is not enhanced.

------------------------------------------------------------------------------------------------------------------------

[2025-05-21 01:31:34 #1 store] 
Database 'D:\felipe\workspace\VOIDWEAR\recursos\config\usuarios.odb' is opened by 6100@LAPTOP-TJ62EN1I

[2025-05-21 01:31:34 #2 store] 
Configuration path: ?

[2025-05-21 01:31:34 #3 type] 
Type modelo.Usuario is not enhanced.

------------------------------------------------------------------------------------------------------------------------

[2025-05-21 01:34:00 #1 store] 
Database 'D:\felipe\workspace\VOIDWEAR\recursos\config\usuarios.odb' is opened by 17276@LAPTOP-TJ62EN1I

[2025-05-21 01:34:00 #2 store] 
Configuration path: ?

[2025-05-21 01:34:00 #3 type] 
Type modelo.Usuario is not enhanced.

------------------------------------------------------------------------------------------------------------------------

[2025-05-21 01:36:46 #1 store] 
Database 'D:\felipe\workspace\VOIDWEAR\recursos\config\usuarios.odb' is opened by 12132@LAPTOP-TJ62EN1I

[2025-05-21 01:36:46 #2 store] 
Configuration path: ?

[2025-05-21 01:36:46 #3 type] 
Type modelo.Usuario is not enhanced.

------------------------------------------------------------------------------------------------------------------------

[2025-05-21 01:38:55 #1 store] 
Database 'D:\felipe\workspace\VOIDWEAR\recursos\config\usuarios.odb' is opened by 15264@LAPTOP-TJ62EN1I

[2025-05-21 01:38:55 #2 store] 
Configuration path: ?

[2025-05-21 01:38:55 #3 type] 
Type modelo.Usuario is not enhanced.

------------------------------------------------------------------------------------------------------------------------

[2025-05-21 11:04:52 #1 store] 
Database 'D:\felipe\workspace\VOIDWEAR\recursos\config\usuarios.odb' is opened by 16636@LAPTOP-TJ62EN1I

[2025-05-21 11:04:52 #2 store] 
Configuration path: ?

[2025-05-21 11:04:52 #3 type] 
Type modelo.Usuario is not enhanced.

