------------------------------------------------------------------------------------------------------------------------

[2025-05-23 09:43:04 #1 store] 
Database 'D:\felipe\workspace\VOIDWEAR\recursos\config\usuarios.odb' is opened by 5652@LAPTOP-TJ62EN1I

[2025-05-23 09:43:04 #2 store] 
Configuration path: ?

[2025-05-23 09:43:04 #3 type] 
Type modelo.Usuario is not enhanced.

------------------------------------------------------------------------------------------------------------------------

[2025-05-23 09:48:56 #1 store] 
Database 'D:\felipe\workspace\VOIDWEAR\recursos\config\usuarios.odb' has been recovered (tr. 8-8)

[2025-05-23 09:48:56 #2 store] 
Database 'D:\felipe\workspace\VOIDWEAR\recursos\config\usuarios.odb' is opened by 19296@LAPTOP-TJ62EN1I

[2025-05-23 09:48:56 #3 store] 
Configuration path: ?

[2025-05-23 09:48:56 #4 type] 
Type modelo.Usuario is not enhanced.

------------------------------------------------------------------------------------------------------------------------

[2025-05-23 10:00:52 #1 store] 
Database 'D:\felipe\workspace\VOIDWEAR\recursos\config\usuarios.odb' has been recovered (tr. 9-9)

[2025-05-23 10:00:52 #2 store] 
Database 'D:\felipe\workspace\VOIDWEAR\recursos\config\usuarios.odb' is opened by 3912@LAPTOP-TJ62EN1I

[2025-05-23 10:00:52 #3 store] 
Configuration path: ?

[2025-05-23 10:00:52 #4 type] 
Type modelo.Usuario is not enhanced.

------------------------------------------------------------------------------------------------------------------------

[2025-05-23 10:40:55 #1 store] 
Database 'D:\felipe\workspace\VOIDWEAR\recursos\config\usuarios.odb' is opened by 19396@LAPTOP-TJ62EN1I

[2025-05-23 10:40:55 #2 store] 
Configuration path: ?

[2025-05-23 10:40:55 #3 type] 
Type modelo.Usuario is not enhanced.

