------------------------------------------------------------------------------------------------------------------------

[2025-05-16 00:32:28 #1 store] 
Database 'D:\felipe\workspace\VOIDWEAR\$project.dir\recursos\config\usuarios.odb' is opened by 8828@LAPTOP-TJ62EN1I

[2025-05-16 00:32:28 #2 store] 
Configuration path: ?

[2025-05-16 00:32:28 #3 type] 
Type modelo.Usuario is not enhanced.

[2025-05-16 00:32:29 #4 store] 
Database 'D:\felipe\workspace\VOIDWEAR\$project.dir\recursos\config\usuarios.odb' is closed by 8828@LAPTOP-TJ62EN1I

------------------------------------------------------------------------------------------------------------------------

[2025-05-16 00:33:12 #1 store] 
Database 'D:\felipe\workspace\VOIDWEAR\$project.dir\recursos\config\usuarios.odb' is opened by 13856@LAPTOP-TJ62EN1I

[2025-05-16 00:33:12 #2 store] 
Configuration path: ?

[2025-05-16 00:33:12 #3 type] 
Type modelo.Usuario is not enhanced.

[2025-05-16 00:33:13 #4 store] 
Database 'D:\felipe\workspace\VOIDWEAR\$project.dir\recursos\config\usuarios.odb' is closed by 13856@LAPTOP-TJ62EN1I

[2025-05-16 00:33:26 #5 store] 
Database 'D:\felipe\workspace\VOIDWEAR\$project.dir\recursos\config\usuarios.odb' is opened by 13856@LAPTOP-TJ62EN1I

[2025-05-16 00:33:26 #6 store] 
Configuration path: ?

[2025-05-16 00:33:28 #7 store] 
Database 'D:\felipe\workspace\VOIDWEAR\$project.dir\recursos\config\usuarios.odb' is closed by 13856@LAPTOP-TJ62EN1I

[2025-05-16 00:33:32 #8 store] 
Database 'D:\felipe\workspace\VOIDWEAR\$project.dir\recursos\config\usuarios.odb' is opened by 13856@LAPTOP-TJ62EN1I

[2025-05-16 00:33:32 #9 store] 
Configuration path: ?

[2025-05-16 00:33:33 #10 store] 
Database 'D:\felipe\workspace\VOIDWEAR\$project.dir\recursos\config\usuarios.odb' is closed by 13856@LAPTOP-TJ62EN1I

