------------------------------------------------------------------------------------------------------------------------

[2025-05-20 23:32:39 #1 store] 
Database 'D:\felipe\workspace\VOIDWEAR\recursos\config\usuarios.odb' is opened by 2876@LAPTOP-TJ62EN1I

[2025-05-20 23:32:39 #2 store] 
Configuration path: ?

[2025-05-20 23:32:39 #3 type] 
Type modelo.Usuario is not enhanced.

------------------------------------------------------------------------------------------------------------------------

[2025-05-20 23:34:29 #1 store] 
Database 'D:\felipe\workspace\VOIDWEAR\recursos\config\usuarios.odb' has been recovered (tr. 1-6)

[2025-05-20 23:34:29 #2 store] 
Database 'D:\felipe\workspace\VOIDWEAR\recursos\config\usuarios.odb' is opened by 17076@LAPTOP-TJ62EN1I

[2025-05-20 23:34:29 #3 store] 
Configuration path: ?

[2025-05-20 23:34:29 #4 type] 
Type modelo.Usuario is not enhanced.

------------------------------------------------------------------------------------------------------------------------

[2025-05-20 23:35:01 #1 store] 
Database 'D:\felipe\workspace\VOIDWEAR\recursos\config\usuarios.odb' is opened by 17940@LAPTOP-TJ62EN1I

[2025-05-20 23:35:01 #2 store] 
Configuration path: ?

[2025-05-20 23:35:01 #3 type] 
Type modelo.Usuario is not enhanced.

------------------------------------------------------------------------------------------------------------------------

[2025-05-20 23:36:07 #1 store] 
Database 'D:\felipe\workspace\VOIDWEAR\recursos\config\usuarios.odb' is opened by 3684@LAPTOP-TJ62EN1I

[2025-05-20 23:36:07 #2 store] 
Configuration path: ?

[2025-05-20 23:36:07 #3 type] 
Type modelo.Usuario is not enhanced.

------------------------------------------------------------------------------------------------------------------------

[2025-05-20 23:37:21 #1 store] 
Database 'D:\felipe\workspace\VOIDWEAR\recursos\config\usuarios.odb' is opened by 5144@LAPTOP-TJ62EN1I

[2025-05-20 23:37:21 #2 store] 
Configuration path: ?

[2025-05-20 23:37:21 #3 type] 
Type modelo.Usuario is not enhanced.

------------------------------------------------------------------------------------------------------------------------

[2025-05-20 23:39:15 #1 store] 
Database 'D:\felipe\workspace\VOIDWEAR\recursos\config\usuarios.odb' is opened by 13808@LAPTOP-TJ62EN1I

[2025-05-20 23:39:15 #2 store] 
Configuration path: ?

[2025-05-20 23:39:15 #3 type] 
Type modelo.Usuario is not enhanced.

------------------------------------------------------------------------------------------------------------------------

[2025-05-20 23:42:04 #1 store] 
Database 'D:\felipe\workspace\VOIDWEAR\recursos\config\usuarios.odb' is opened by 384@LAPTOP-TJ62EN1I

[2025-05-20 23:42:04 #2 store] 
Configuration path: ?

[2025-05-20 23:42:04 #3 type] 
Type modelo.Usuario is not enhanced.

------------------------------------------------------------------------------------------------------------------------

[2025-05-20 23:42:45 #1 store] 
Database 'D:\felipe\workspace\VOIDWEAR\recursos\config\usuarios.odb' is opened by 2420@LAPTOP-TJ62EN1I

[2025-05-20 23:42:45 #2 store] 
Configuration path: ?

[2025-05-20 23:42:45 #3 type] 
Type modelo.Usuario is not enhanced.

