------------------------------------------------------------------------------------------------------------------------

[2025-05-22 17:59:27 #1 store] 
Database 'D:\felipe\workspace\VOIDWEAR\recursos\config\usuarios.odb' is opened by 7596@LAPTOP-TJ62EN1I

[2025-05-22 17:59:27 #2 store] 
Configuration path: ?

[2025-05-22 17:59:28 #3 type] 
Type modelo.Usuario is not enhanced.

------------------------------------------------------------------------------------------------------------------------

[2025-05-22 18:19:21 #1 store] 
Database 'D:\felipe\workspace\VOIDWEAR\recursos\config\usuarios.odb' is opened by 276@LAPTOP-TJ62EN1I

[2025-05-22 18:19:21 #2 store] 
Configuration path: ?

[2025-05-22 18:19:21 #3 type] 
Type modelo.Usuario is not enhanced.

------------------------------------------------------------------------------------------------------------------------

[2025-05-22 18:39:40 #1 store] 
Database 'D:\felipe\workspace\VOIDWEAR\recursos\config\usuarios.odb' is opened by 688@LAPTOP-TJ62EN1I

[2025-05-22 18:39:40 #2 store] 
Configuration path: ?

[2025-05-22 18:39:40 #3 type] 
Type modelo.Usuario is not enhanced.

